<?xml version="1.0" encoding="UTF-8"?>
<testsuite name="mie.test_example.Lab6_2_UnitTest" tests="4" skipped="0" failures="2" errors="0" timestamp="2023-10-26T00:04:06" hostname="GB144WS18" time="12.206">
  <properties/>
  <testcase name="testConfirmSalaries" classname="mie.test_example.Lab6_2_UnitTest" time="11.778">
    <failure message="java.lang.AssertionError" type="java.lang.AssertionError">java.lang.AssertionError
	at org.junit.Assert.fail(Assert.java:86)
	at org.junit.Assert.assertTrue(Assert.java:41)
	at org.junit.Assert.assertTrue(Assert.java:52)
	at mie.test_example.Lab6_2_UnitTest.testConfirmSalaries(Lab6_2_UnitTest.java:88)
	at sun.reflect.NativeMethodAccessorImpl.invoke0(Native Method)
	at sun.reflect.NativeMethodAccessorImpl.invoke(NativeMethodAccessorImpl.java:62)
	at sun.reflect.DelegatingMethodAccessorImpl.invoke(DelegatingMethodAccessorImpl.java:43)
	at java.lang.reflect.Method.invoke(Method.java:498)
	at org.junit.runners.model.FrameworkMethod$1.runReflectiveCall(FrameworkMethod.java:50)
	at org.junit.internal.runners.model.ReflectiveCallable.run(ReflectiveCallable.java:12)
	at org.junit.runners.model.FrameworkMethod.invokeExplosively(FrameworkMethod.java:47)
	at org.junit.internal.runners.statements.InvokeMethod.evaluate(InvokeMethod.java:17)
	at org.junit.internal.runners.statements.RunBefores.evaluate(RunBefores.java:26)
	at org.junit.internal.runners.statements.RunAfters.evaluate(RunAfters.java:27)
	at org.flowable.engine.test.FlowableRule$1.evaluate(FlowableRule.java:116)
	at org.junit.rules.TestWatcher$1.evaluate(TestWatcher.java:55)
	at org.junit.rules.RunRules.evaluate(RunRules.java:20)
	at org.junit.runners.ParentRunner.runLeaf(ParentRunner.java:325)
	at org.junit.runners.BlockJUnit4ClassRunner.runChild(BlockJUnit4ClassRunner.java:78)
	at org.junit.runners.BlockJUnit4ClassRunner.runChild(BlockJUnit4ClassRunner.java:57)
	at org.junit.runners.ParentRunner$3.run(ParentRunner.java:290)
	at org.junit.runners.ParentRunner$1.schedule(ParentRunner.java:71)
	at org.junit.runners.ParentRunner.runChildren(ParentRunner.java:288)
	at org.junit.runners.ParentRunner.access$000(ParentRunner.java:58)
	at org.junit.runners.ParentRunner$2.evaluate(ParentRunner.java:268)
	at org.junit.internal.runners.statements.RunBefores.evaluate(RunBefores.java:26)
	at org.junit.internal.runners.statements.RunAfters.evaluate(RunAfters.java:27)
	at org.junit.runners.ParentRunner.run(ParentRunner.java:363)
	at org.gradle.api.internal.tasks.testing.junit.JUnitTestClassExecutor.runTestClass(JUnitTestClassExecutor.java:110)
	at org.gradle.api.internal.tasks.testing.junit.JUnitTestClassExecutor.execute(JUnitTestClassExecutor.java:58)
	at org.gradle.api.internal.tasks.testing.junit.JUnitTestClassExecutor.execute(JUnitTestClassExecutor.java:38)
	at org.gradle.api.internal.tasks.testing.junit.AbstractJUnitTestClassProcessor.processTestClass(AbstractJUnitTestClassProcessor.java:62)
	at org.gradle.api.internal.tasks.testing.SuiteTestClassProcessor.processTestClass(SuiteTestClassProcessor.java:51)
	at sun.reflect.NativeMethodAccessorImpl.invoke0(Native Method)
	at sun.reflect.NativeMethodAccessorImpl.invoke(NativeMethodAccessorImpl.java:62)
	at sun.reflect.DelegatingMethodAccessorImpl.invoke(DelegatingMethodAccessorImpl.java:43)
	at java.lang.reflect.Method.invoke(Method.java:498)
	at org.gradle.internal.dispatch.ReflectionDispatch.dispatch(ReflectionDispatch.java:36)
	at org.gradle.internal.dispatch.ReflectionDispatch.dispatch(ReflectionDispatch.java:24)
	at org.gradle.internal.dispatch.ContextClassLoaderDispatch.dispatch(ContextClassLoaderDispatch.java:33)
	at org.gradle.internal.dispatch.ProxyDispatchAdapter$DispatchingInvocationHandler.invoke(ProxyDispatchAdapter.java:94)
	at com.sun.proxy.$Proxy2.processTestClass(Unknown Source)
	at org.gradle.api.internal.tasks.testing.worker.TestWorker$2.run(TestWorker.java:176)
	at org.gradle.api.internal.tasks.testing.worker.TestWorker.executeAndMaintainThreadName(TestWorker.java:129)
	at org.gradle.api.internal.tasks.testing.worker.TestWorker.execute(TestWorker.java:100)
	at org.gradle.api.internal.tasks.testing.worker.TestWorker.execute(TestWorker.java:60)
	at org.gradle.process.internal.worker.child.ActionExecutionWorker.execute(ActionExecutionWorker.java:56)
	at org.gradle.process.internal.worker.child.SystemApplicationClassLoaderWorker.call(SystemApplicationClassLoaderWorker.java:133)
	at org.gradle.process.internal.worker.child.SystemApplicationClassLoaderWorker.call(SystemApplicationClassLoaderWorker.java:71)
	at worker.org.gradle.process.internal.worker.GradleWorkerMain.run(GradleWorkerMain.java:69)
	at worker.org.gradle.process.internal.worker.GradleWorkerMain.main(GradleWorkerMain.java:74)
</failure>
  </testcase>
  <testcase name="testProcessEnded" classname="mie.test_example.Lab6_2_UnitTest" time="0.216">
    <failure message="java.lang.AssertionError" type="java.lang.AssertionError">java.lang.AssertionError
	at org.junit.Assert.fail(Assert.java:86)
	at org.junit.Assert.assertTrue(Assert.java:41)
	at org.junit.Assert.assertTrue(Assert.java:52)
	at mie.test_example.Lab6_2_UnitTest.testConfirmSalaries(Lab6_2_UnitTest.java:88)
	at mie.test_example.Lab6_2_UnitTest.testProcessEnded(Lab6_2_UnitTest.java:111)
	at sun.reflect.NativeMethodAccessorImpl.invoke0(Native Method)
	at sun.reflect.NativeMethodAccessorImpl.invoke(NativeMethodAccessorImpl.java:62)
	at sun.reflect.DelegatingMethodAccessorImpl.invoke(DelegatingMethodAccessorImpl.java:43)
	at java.lang.reflect.Method.invoke(Method.java:498)
	at org.junit.runners.model.FrameworkMethod$1.runReflectiveCall(FrameworkMethod.java:50)
	at org.junit.internal.runners.model.ReflectiveCallable.run(ReflectiveCallable.java:12)
	at org.junit.runners.model.FrameworkMethod.invokeExplosively(FrameworkMethod.java:47)
	at org.junit.internal.runners.statements.InvokeMethod.evaluate(InvokeMethod.java:17)
	at org.junit.internal.runners.statements.RunBefores.evaluate(RunBefores.java:26)
	at org.junit.internal.runners.statements.RunAfters.evaluate(RunAfters.java:27)
	at org.flowable.engine.test.FlowableRule$1.evaluate(FlowableRule.java:116)
	at org.junit.rules.TestWatcher$1.evaluate(TestWatcher.java:55)
	at org.junit.rules.RunRules.evaluate(RunRules.java:20)
	at org.junit.runners.ParentRunner.runLeaf(ParentRunner.java:325)
	at org.junit.runners.BlockJUnit4ClassRunner.runChild(BlockJUnit4ClassRunner.java:78)
	at org.junit.runners.BlockJUnit4ClassRunner.runChild(BlockJUnit4ClassRunner.java:57)
	at org.junit.runners.ParentRunner$3.run(ParentRunner.java:290)
	at org.junit.runners.ParentRunner$1.schedule(ParentRunner.java:71)
	at org.junit.runners.ParentRunner.runChildren(ParentRunner.java:288)
	at org.junit.runners.ParentRunner.access$000(ParentRunner.java:58)
	at org.junit.runners.ParentRunner$2.evaluate(ParentRunner.java:268)
	at org.junit.internal.runners.statements.RunBefores.evaluate(RunBefores.java:26)
	at org.junit.internal.runners.statements.RunAfters.evaluate(RunAfters.java:27)
	at org.junit.runners.ParentRunner.run(ParentRunner.java:363)
	at org.gradle.api.internal.tasks.testing.junit.JUnitTestClassExecutor.runTestClass(JUnitTestClassExecutor.java:110)
	at org.gradle.api.internal.tasks.testing.junit.JUnitTestClassExecutor.execute(JUnitTestClassExecutor.java:58)
	at org.gradle.api.internal.tasks.testing.junit.JUnitTestClassExecutor.execute(JUnitTestClassExecutor.java:38)
	at org.gradle.api.internal.tasks.testing.junit.AbstractJUnitTestClassProcessor.processTestClass(AbstractJUnitTestClassProcessor.java:62)
	at org.gradle.api.internal.tasks.testing.SuiteTestClassProcessor.processTestClass(SuiteTestClassProcessor.java:51)
	at sun.reflect.NativeMethodAccessorImpl.invoke0(Native Method)
	at sun.reflect.NativeMethodAccessorImpl.invoke(NativeMethodAccessorImpl.java:62)
	at sun.reflect.DelegatingMethodAccessorImpl.invoke(DelegatingMethodAccessorImpl.java:43)
	at java.lang.reflect.Method.invoke(Method.java:498)
	at org.gradle.internal.dispatch.ReflectionDispatch.dispatch(ReflectionDispatch.java:36)
	at org.gradle.internal.dispatch.ReflectionDispatch.dispatch(ReflectionDispatch.java:24)
	at org.gradle.internal.dispatch.ContextClassLoaderDispatch.dispatch(ContextClassLoaderDispatch.java:33)
	at org.gradle.internal.dispatch.ProxyDispatchAdapter$DispatchingInvocationHandler.invoke(ProxyDispatchAdapter.java:94)
	at com.sun.proxy.$Proxy2.processTestClass(Unknown Source)
	at org.gradle.api.internal.tasks.testing.worker.TestWorker$2.run(TestWorker.java:176)
	at org.gradle.api.internal.tasks.testing.worker.TestWorker.executeAndMaintainThreadName(TestWorker.java:129)
	at org.gradle.api.internal.tasks.testing.worker.TestWorker.execute(TestWorker.java:100)
	at org.gradle.api.internal.tasks.testing.worker.TestWorker.execute(TestWorker.java:60)
	at org.gradle.process.internal.worker.child.ActionExecutionWorker.execute(ActionExecutionWorker.java:56)
	at org.gradle.process.internal.worker.child.SystemApplicationClassLoaderWorker.call(SystemApplicationClassLoaderWorker.java:133)
	at org.gradle.process.internal.worker.child.SystemApplicationClassLoaderWorker.call(SystemApplicationClassLoaderWorker.java:71)
	at worker.org.gradle.process.internal.worker.GradleWorkerMain.run(GradleWorkerMain.java:69)
	at worker.org.gradle.process.internal.worker.GradleWorkerMain.main(GradleWorkerMain.java:74)
</failure>
  </testcase>
  <testcase name="testCheckPausedAtFirstUserTask" classname="mie.test_example.Lab6_2_UnitTest" time="0.117"/>
  <testcase name="testProcessStarted" classname="mie.test_example.Lab6_2_UnitTest" time="0.095"/>
  <system-out><![CDATA[### Starting test: testConfirmSalaries ###
loading driver..
driver loading complete.
connecting to db...
executing ddl file:ddl_document.txt
executing ddl file:ddl_output.txt
executing ddl file:ddl_person.txt
Tables:
DOCUMENT
DentalBenefits	101	
PrescriptionBenefits	102	
GlassesBenefits	103	
OUTPUTTABLE
PEOPLE
Alice	10000	
Tim	20000	
Bob	30000	
Rachel	25000	
Emma	10500	
George	15600	
Database Connection is closed.
loading driver..
driver loading complete.
connecting to db...
loading driver..
driver loading complete.
connecting to db...
loading driver..
driver loading complete.
connecting to db...
loading driver..
driver loading complete.
connecting to db...
loading driver..
driver loading complete.
connecting to db...
TODO: Exercise 3...
TODO: Exercise 3...
TODO: Exercise 3...
Document -> DentalBenefits - has been created for: Alice's 1 dependent out of 2 dependents
Document -> DentalBenefits - has been created for: Alice's 2 dependent out of 2 dependents
Document -> GlassesBenefits - has been created for: Alice's 1 dependent out of 2 dependents
Document -> GlassesBenefits - has been created for: Alice's 2 dependent out of 2 dependents
Document -> PrescriptionBenefits - has been created for: Alice's 1 dependent out of 2 dependents
Document -> PrescriptionBenefits - has been created for: Alice's 2 dependent out of 2 dependents
Document -> DentalBenefits - has been created for: Bob's 1 dependent out of 4 dependents
Document -> DentalBenefits - has been created for: Bob's 2 dependent out of 4 dependents
Document -> DentalBenefits - has been created for: Bob's 3 dependent out of 4 dependents
Document -> DentalBenefits - has been created for: Bob's 4 dependent out of 4 dependents
Document -> GlassesBenefits - has been created for: Bob's 1 dependent out of 4 dependents
Document -> GlassesBenefits - has been created for: Bob's 2 dependent out of 4 dependents
Document -> GlassesBenefits - has been created for: Bob's 3 dependent out of 4 dependents
Document -> GlassesBenefits - has been created for: Bob's 4 dependent out of 4 dependents
Document -> PrescriptionBenefits - has been created for: Bob's 1 dependent out of 4 dependents
Document -> PrescriptionBenefits - has been created for: Bob's 2 dependent out of 4 dependents
Document -> PrescriptionBenefits - has been created for: Bob's 3 dependent out of 4 dependents
Document -> PrescriptionBenefits - has been created for: Bob's 4 dependent out of 4 dependents
Document -> DentalBenefits - has been created for: Emma's 1 dependent out of 3 dependents
Document -> DentalBenefits - has been created for: Emma's 2 dependent out of 3 dependents
Document -> DentalBenefits - has been created for: Emma's 3 dependent out of 3 dependents
Document -> GlassesBenefits - has been created for: Emma's 1 dependent out of 3 dependents
Document -> GlassesBenefits - has been created for: Emma's 2 dependent out of 3 dependents
Document -> GlassesBenefits - has been created for: Emma's 3 dependent out of 3 dependents
Document -> PrescriptionBenefits - has been created for: Emma's 1 dependent out of 3 dependents
Document -> PrescriptionBenefits - has been created for: Emma's 2 dependent out of 3 dependents
Document -> PrescriptionBenefits - has been created for: Emma's 3 dependent out of 3 dependents
loading driver..
driver loading complete.
connecting to db...
outputTable:[edu.toronto.dbservice.types.Person@3b152928, edu.toronto.dbservice.types.Person@56781d96, edu.toronto.dbservice.types.Person@5173200b]
### Failed test: testConfirmSalaries ###
### Starting test: testProcessEnded ###
loading driver..
driver loading complete.
connecting to db...
executing ddl file:ddl_document.txt
executing ddl file:ddl_output.txt
executing ddl file:ddl_person.txt
Tables:
DOCUMENT
DentalBenefits	101	
PrescriptionBenefits	102	
GlassesBenefits	103	
OUTPUTTABLE
PEOPLE
Alice	10000	
Tim	20000	
Bob	30000	
Rachel	25000	
Emma	10500	
George	15600	
Database Connection is closed.
loading driver..
driver loading complete.
connecting to db...
loading driver..
driver loading complete.
connecting to db...
loading driver..
driver loading complete.
connecting to db...
loading driver..
driver loading complete.
connecting to db...
loading driver..
driver loading complete.
connecting to db...
TODO: Exercise 3...
TODO: Exercise 3...
TODO: Exercise 3...
Document -> DentalBenefits - has been created for: Alice's 1 dependent out of 2 dependents
Document -> DentalBenefits - has been created for: Alice's 2 dependent out of 2 dependents
Document -> GlassesBenefits - has been created for: Alice's 1 dependent out of 2 dependents
Document -> GlassesBenefits - has been created for: Alice's 2 dependent out of 2 dependents
Document -> PrescriptionBenefits - has been created for: Alice's 1 dependent out of 2 dependents
Document -> PrescriptionBenefits - has been created for: Alice's 2 dependent out of 2 dependents
Document -> DentalBenefits - has been created for: Bob's 1 dependent out of 4 dependents
Document -> DentalBenefits - has been created for: Bob's 2 dependent out of 4 dependents
Document -> DentalBenefits - has been created for: Bob's 3 dependent out of 4 dependents
Document -> DentalBenefits - has been created for: Bob's 4 dependent out of 4 dependents
Document -> GlassesBenefits - has been created for: Bob's 1 dependent out of 4 dependents
Document -> GlassesBenefits - has been created for: Bob's 2 dependent out of 4 dependents
Document -> GlassesBenefits - has been created for: Bob's 3 dependent out of 4 dependents
Document -> GlassesBenefits - has been created for: Bob's 4 dependent out of 4 dependents
Document -> PrescriptionBenefits - has been created for: Bob's 1 dependent out of 4 dependents
Document -> PrescriptionBenefits - has been created for: Bob's 2 dependent out of 4 dependents
Document -> PrescriptionBenefits - has been created for: Bob's 3 dependent out of 4 dependents
Document -> PrescriptionBenefits - has been created for: Bob's 4 dependent out of 4 dependents
Document -> DentalBenefits - has been created for: Emma's 1 dependent out of 3 dependents
Document -> DentalBenefits - has been created for: Emma's 2 dependent out of 3 dependents
Document -> DentalBenefits - has been created for: Emma's 3 dependent out of 3 dependents
Document -> GlassesBenefits - has been created for: Emma's 1 dependent out of 3 dependents
Document -> GlassesBenefits - has been created for: Emma's 2 dependent out of 3 dependents
Document -> GlassesBenefits - has been created for: Emma's 3 dependent out of 3 dependents
Document -> PrescriptionBenefits - has been created for: Emma's 1 dependent out of 3 dependents
Document -> PrescriptionBenefits - has been created for: Emma's 2 dependent out of 3 dependents
Document -> PrescriptionBenefits - has been created for: Emma's 3 dependent out of 3 dependents
loading driver..
driver loading complete.
connecting to db...
outputTable:[edu.toronto.dbservice.types.Person@27b22f74, edu.toronto.dbservice.types.Person@22fba58c, edu.toronto.dbservice.types.Person@7e8a46b7]
### Failed test: testProcessEnded ###
### Starting test: testCheckPausedAtFirstUserTask ###
loading driver..
driver loading complete.
connecting to db...
executing ddl file:ddl_document.txt
executing ddl file:ddl_output.txt
executing ddl file:ddl_person.txt
Tables:
DOCUMENT
DentalBenefits	101	
PrescriptionBenefits	102	
GlassesBenefits	103	
OUTPUTTABLE
PEOPLE
Alice	10000	
Tim	20000	
Bob	30000	
Rachel	25000	
Emma	10500	
George	15600	
Database Connection is closed.
id 284 process1:1:283
### Succeeded test: testCheckPausedAtFirstUserTask ###
### Starting test: testProcessStarted ###
loading driver..
driver loading complete.
connecting to db...
executing ddl file:ddl_document.txt
executing ddl file:ddl_output.txt
executing ddl file:ddl_person.txt
Tables:
DOCUMENT
DentalBenefits	101	
PrescriptionBenefits	102	
GlassesBenefits	103	
OUTPUTTABLE
PEOPLE
Alice	10000	
Tim	20000	
Bob	30000	
Rachel	25000	
Emma	10500	
George	15600	
Database Connection is closed.
### Succeeded test: testProcessStarted ###
]]></system-out>
  <system-err><![CDATA[SLF4J: Failed to load class "org.slf4j.impl.StaticLoggerBinder".
SLF4J: Defaulting to no-operation (NOP) logger implementation
SLF4J: See http://www.slf4j.org/codes.html#StaticLoggerBinder for further details.
]]></system-err>
</testsuite>
